[2019-10-28 20:02:13] local.ERROR: file_put_contents(C:\Users\Guecha\Laravel-projects\APP_ControlIngenieria\v2\app\storage\framework\views/10cd74823d75a322cec437c5ce14397b7411e81d.php): failed to open stream: No such file or directory {"exception":"[object] (ErrorException(code: 0): file_put_contents(C:\\Users\\Guecha\\Laravel-projects\\APP_ControlIngenieria\\v2\\app\\storage\\framework\\views/10cd74823d75a322cec437c5ce14397b7411e81d.php): failed to open stream: No such file or directory at /mnt/c/Users/Guecha/Laravel-projects/APP_ControlIngenieria/v2/app/vendor/laravel/framework/src/Illuminate/Filesystem/Filesystem.php:122)
[stacktrace]
#0 [internal function]: Illuminate\\Foundation\\Bootstrap\\HandleExceptions->handleError(2, 'file_put_conten...', '/mnt/c/Users/Gu...', 122, Array)
#1 /mnt/c/Users/Guecha/Laravel-projects/APP_ControlIngenieria/v2/app/vendor/laravel/framework/src/Illuminate/Filesystem/Filesystem.php(122): file_put_contents('C:\\\\Users\\\\Guecha...', '<!DOCTYPE html>...', 0)
#2 /mnt/c/Users/Guecha/Laravel-projects/APP_ControlIngenieria/v2/app/vendor/laravel/framework/src/Illuminate/View/Compilers/BladeCompiler.php(140): Illuminate\\Filesystem\\Filesystem->put('C:\\\\Users\\\\Guecha...', '<!DOCTYPE html>...')
#3 /mnt/c/Users/Guecha/Laravel-projects/APP_ControlIngenieria/v2/app/vendor/laravel/framework/src/Illuminate/View/Engines/CompilerEngine.php(51): Illuminate\\View\\Compilers\\BladeCompiler->compile('/mnt/c/Users/Gu...')
#4 /mnt/c/Users/Guecha/Laravel-projects/APP_ControlIngenieria/v2/app/vendor/laravel/framework/src/Illuminate/View/View.php(142): Illuminate\\View\\Engines\\CompilerEngine->get('/mnt/c/Users/Gu...', Array)
#5 /mnt/c/Users/Guecha/Laravel-projects/APP_ControlIngenieria/v2/app/vendor/laravel/framework/src/Illuminate/View/View.php(125): Illuminate\\View\\View->getContents()
#6 /mnt/c/Users/Guecha/Laravel-projects/APP_ControlIngenieria/v2/app/vendor/laravel/framework/src/Illuminate/View/View.php(90): Illuminate\\View\\View->renderContents()
#7 /mnt/c/Users/Guecha/Laravel-projects/APP_ControlIngenieria/v2/app/vendor/laravel/framework/src/Illuminate/Http/Response.php(42): Illuminate\\View\\View->render()
#8 /mnt/c/Users/Guecha/Laravel-projects/APP_ControlIngenieria/v2/app/vendor/symfony/http-foundation/Response.php(202): Illuminate\\Http\\Response->setContent(Object(Illuminate\\View\\View))
#9 /mnt/c/Users/Guecha/Laravel-projects/APP_ControlIngenieria/v2/app/vendor/laravel/framework/src/Illuminate/Routing/Router.php(748): Symfony\\Component\\HttpFoundation\\Response->__construct(Object(Illuminate\\View\\View))
#10 /mnt/c/Users/Guecha/Laravel-projects/APP_ControlIngenieria/v2/app/vendor/laravel/framework/src/Illuminate/Routing/Router.php(720): Illuminate\\Routing\\Router::toResponse(Object(Illuminate\\Http\\Request), Object(Illuminate\\View\\View))
#11 /mnt/c/Users/Guecha/Laravel-projects/APP_ControlIngenieria/v2/app/vendor/laravel/framework/src/Illuminate/Routing/Router.php(680): Illuminate\\Routing\\Router->prepareResponse(Object(Illuminate\\Http\\Request), Object(Illuminate\\View\\View))
#12 /mnt/c/Users/Guecha/Laravel-projects/APP_ControlIngenieria/v2/app/vendor/laravel/framework/src/Illuminate/Routing/Pipeline.php(30): Illuminate\\Routing\\Router->Illuminate\\Routing\\{closure}(Object(Illuminate\\Http\\Request))
#13 /mnt/c/Users/Guecha/Laravel-projects/APP_ControlIngenieria/v2/app/vendor/laravel/framework/src/Illuminate/Pipeline/Pipeline.php(104): Illuminate\\Routing\\Pipeline->Illuminate\\Routing\\{closure}(Object(Illuminate\\Http\\Request))
#14 /mnt/c/Users/Guecha/Laravel-projects/APP_ControlIngenieria/v2/app/vendor/laravel/framework/src/Illuminate/Routing/Router.php(682): Illuminate\\Pipeline\\Pipeline->then(Object(Closure))
#15 /mnt/c/Users/Guecha/Laravel-projects/APP_ControlIngenieria/v2/app/vendor/laravel/framework/src/Illuminate/Routing/Router.php(657): Illuminate\\Routing\\Router->runRouteWithinStack(Object(Illuminate\\Routing\\Route), Object(Illuminate\\Http\\Request))
#16 /mnt/c/Users/Guecha/Laravel-projects/APP_ControlIngenieria/v2/app/vendor/laravel/framework/src/Illuminate/Routing/Router.php(623): Illuminate\\Routing\\Router->runRoute(Object(Illuminate\\Http\\Request), Object(Illuminate\\Routing\\Route))
#17 /mnt/c/Users/Guecha/Laravel-projects/APP_ControlIngenieria/v2/app/vendor/laravel/framework/src/Illuminate/Routing/Router.php(612): Illuminate\\Routing\\Router->dispatchToRoute(Object(Illuminate\\Http\\Request))
#18 /mnt/c/Users/Guecha/Laravel-projects/APP_ControlIngenieria/v2/app/vendor/laravel/framework/src/Illuminate/Foundation/Http/Kernel.php(176): Illuminate\\Routing\\Router->dispatch(Object(Illuminate\\Http\\Request))
#19 /mnt/c/Users/Guecha/Laravel-projects/APP_ControlIngenieria/v2/app/vendor/laravel/framework/src/Illuminate/Routing/Pipeline.php(30): Illuminate\\Foundation\\Http\\Kernel->Illuminate\\Foundation\\Http\\{closure}(Object(Illuminate\\Http\\Request))
#20 /mnt/c/Users/Guecha/Laravel-projects/APP_ControlIngenieria/v2/app/vendor/barryvdh/laravel-cors/src/HandleCors.php(36): Illuminate\\Routing\\Pipeline->Illuminate\\Routing\\{closure}(Object(Illuminate\\Http\\Request))
#21 /mnt/c/Users/Guecha/Laravel-projects/APP_ControlIngenieria/v2/app/vendor/laravel/framework/src/Illuminate/Pipeline/Pipeline.php(163): Barryvdh\\Cors\\HandleCors->handle(Object(Illuminate\\Http\\Request), Object(Closure))
#22 /mnt/c/Users/Guecha/Laravel-projects/APP_ControlIngenieria/v2/app/vendor/laravel/framework/src/Illuminate/Routing/Pipeline.php(53): Illuminate\\Pipeline\\Pipeline->Illuminate\\Pipeline\\{closure}(Object(Illuminate\\Http\\Request))
#23 /mnt/c/Users/Guecha/Laravel-projects/APP_ControlIngenieria/v2/app/vendor/laravel/framework/src/Illuminate/Foundation/Http/Middleware/TransformsRequest.php(21): Illuminate\\Routing\\Pipeline->Illuminate\\Routing\\{closure}(Object(Illuminate\\Http\\Request))
#24 /mnt/c/Users/Guecha/Laravel-projects/APP_ControlIngenieria/v2/app/vendor/laravel/framework/src/Illuminate/Pipeline/Pipeline.php(163): Illuminate\\Foundation\\Http\\Middleware\\TransformsRequest->handle(Object(Illuminate\\Http\\Request), Object(Closure))
#25 /mnt/c/Users/Guecha/Laravel-projects/APP_ControlIngenieria/v2/app/vendor/laravel/framework/src/Illuminate/Routing/Pipeline.php(53): Illuminate\\Pipeline\\Pipeline->Illuminate\\Pipeline\\{closure}(Object(Illuminate\\Http\\Request))
#26 /mnt/c/Users/Guecha/Laravel-projects/APP_ControlIngenieria/v2/app/vendor/laravel/framework/src/Illuminate/Foundation/Http/Middleware/TransformsRequest.php(21): Illuminate\\Routing\\Pipeline->Illuminate\\Routing\\{closure}(Object(Illuminate\\Http\\Request))
#27 /mnt/c/Users/Guecha/Laravel-projects/APP_ControlIngenieria/v2/app/vendor/laravel/framework/src/Illuminate/Pipeline/Pipeline.php(163): Illuminate\\Foundation\\Http\\Middleware\\TransformsRequest->handle(Object(Illuminate\\Http\\Request), Object(Closure))
#28 /mnt/c/Users/Guecha/Laravel-projects/APP_ControlIngenieria/v2/app/vendor/laravel/framework/src/Illuminate/Routing/Pipeline.php(53): Illuminate\\Pipeline\\Pipeline->Illuminate\\Pipeline\\{closure}(Object(Illuminate\\Http\\Request))
#29 /mnt/c/Users/Guecha/Laravel-projects/APP_ControlIngenieria/v2/app/vendor/laravel/framework/src/Illuminate/Foundation/Http/Middleware/ValidatePostSize.php(27): Illuminate\\Routing\\Pipeline->Illuminate\\Routing\\{closure}(Object(Illuminate\\Http\\Request))
#30 /mnt/c/Users/Guecha/Laravel-projects/APP_ControlIngenieria/v2/app/vendor/laravel/framework/src/Illuminate/Pipeline/Pipeline.php(163): Illuminate\\Foundation\\Http\\Middleware\\ValidatePostSize->handle(Object(Illuminate\\Http\\Request), Object(Closure))
#31 /mnt/c/Users/Guecha/Laravel-projects/APP_ControlIngenieria/v2/app/vendor/laravel/framework/src/Illuminate/Routing/Pipeline.php(53): Illuminate\\Pipeline\\Pipeline->Illuminate\\Pipeline\\{closure}(Object(Illuminate\\Http\\Request))
#32 /mnt/c/Users/Guecha/Laravel-projects/APP_ControlIngenieria/v2/app/vendor/laravel/framework/src/Illuminate/Foundation/Http/Middleware/CheckForMaintenanceMode.php(62): Illuminate\\Routing\\Pipeline->Illuminate\\Routing\\{closure}(Object(Illuminate\\Http\\Request))
#33 /mnt/c/Users/Guecha/Laravel-projects/APP_ControlIngenieria/v2/app/vendor/laravel/framework/src/Illuminate/Pipeline/Pipeline.php(163): Illuminate\\Foundation\\Http\\Middleware\\CheckForMaintenanceMode->handle(Object(Illuminate\\Http\\Request), Object(Closure))
#34 /mnt/c/Users/Guecha/Laravel-projects/APP_ControlIngenieria/v2/app/vendor/laravel/framework/src/Illuminate/Routing/Pipeline.php(53): Illuminate\\Pipeline\\Pipeline->Illuminate\\Pipeline\\{closure}(Object(Illuminate\\Http\\Request))
#35 /mnt/c/Users/Guecha/Laravel-projects/APP_ControlIngenieria/v2/app/vendor/fideloper/proxy/src/TrustProxies.php(57): Illuminate\\Routing\\Pipeline->Illuminate\\Routing\\{closure}(Object(Illuminate\\Http\\Request))
#36 /mnt/c/Users/Guecha/Laravel-projects/APP_ControlIngenieria/v2/app/vendor/laravel/framework/src/Illuminate/Pipeline/Pipeline.php(163): Fideloper\\Proxy\\TrustProxies->handle(Object(Illuminate\\Http\\Request), Object(Closure))
#37 /mnt/c/Users/Guecha/Laravel-projects/APP_ControlIngenieria/v2/app/vendor/laravel/framework/src/Illuminate/Routing/Pipeline.php(53): Illuminate\\Pipeline\\Pipeline->Illuminate\\Pipeline\\{closure}(Object(Illuminate\\Http\\Request))
#38 /mnt/c/Users/Guecha/Laravel-projects/APP_ControlIngenieria/v2/app/vendor/laravel/framework/src/Illuminate/Pipeline/Pipeline.php(104): Illuminate\\Routing\\Pipeline->Illuminate\\Routing\\{closure}(Object(Illuminate\\Http\\Request))
#39 /mnt/c/Users/Guecha/Laravel-projects/APP_ControlIngenieria/v2/app/vendor/laravel/framework/src/Illuminate/Foundation/Http/Kernel.php(151): Illuminate\\Pipeline\\Pipeline->then(Object(Closure))
#40 /mnt/c/Users/Guecha/Laravel-projects/APP_ControlIngenieria/v2/app/vendor/laravel/framework/src/Illuminate/Foundation/Http/Kernel.php(116): Illuminate\\Foundation\\Http\\Kernel->sendRequestThroughRouter(Object(Illuminate\\Http\\Request))
#41 /mnt/c/Users/Guecha/Laravel-projects/APP_ControlIngenieria/v2/app/public/index.php(55): Illuminate\\Foundation\\Http\\Kernel->handle(Object(Illuminate\\Http\\Request))
#42 /mnt/c/Users/Guecha/Laravel-projects/APP_ControlIngenieria/v2/app/server.php(21): require_once('/mnt/c/Users/Gu...')
#43 {main}
"} 
[2019-10-28 20:03:41] local.ERROR: View [welcome] not found. {"exception":"[object] (InvalidArgumentException(code: 0): View [welcome] not found. at /mnt/c/Users/Guecha/Laravel-projects/APP_ControlIngenieria/v2/app/vendor/laravel/framework/src/Illuminate/View/FileViewFinder.php:137)
[stacktrace]
#0 /mnt/c/Users/Guecha/Laravel-projects/APP_ControlIngenieria/v2/app/vendor/laravel/framework/src/Illuminate/View/FileViewFinder.php(79): Illuminate\\View\\FileViewFinder->findInPaths('welcome', Array)
#1 /mnt/c/Users/Guecha/Laravel-projects/APP_ControlIngenieria/v2/app/vendor/laravel/framework/src/Illuminate/View/Factory.php(131): Illuminate\\View\\FileViewFinder->find('welcome')
#2 /mnt/c/Users/Guecha/Laravel-projects/APP_ControlIngenieria/v2/app/vendor/laravel/framework/src/Illuminate/Foundation/helpers.php(971): Illuminate\\View\\Factory->make('welcome', Array, Array)
#3 /mnt/c/Users/Guecha/Laravel-projects/APP_ControlIngenieria/v2/app/routes/web.php(15): view('welcome')
#4 /mnt/c/Users/Guecha/Laravel-projects/APP_ControlIngenieria/v2/app/vendor/laravel/framework/src/Illuminate/Routing/Route.php(205): Illuminate\\Routing\\RouteFileRegistrar->{closure}()
#5 /mnt/c/Users/Guecha/Laravel-projects/APP_ControlIngenieria/v2/app/vendor/laravel/framework/src/Illuminate/Routing/Route.php(179): Illuminate\\Routing\\Route->runCallable()
#6 /mnt/c/Users/Guecha/Laravel-projects/APP_ControlIngenieria/v2/app/vendor/laravel/framework/src/Illuminate/Routing/Router.php(680): Illuminate\\Routing\\Route->run()
#7 /mnt/c/Users/Guecha/Laravel-projects/APP_ControlIngenieria/v2/app/vendor/laravel/framework/src/Illuminate/Routing/Pipeline.php(30): Illuminate\\Routing\\Router->Illuminate\\Routing\\{closure}(Object(Illuminate\\Http\\Request))
#8 /mnt/c/Users/Guecha/Laravel-projects/APP_ControlIngenieria/v2/app/vendor/laravel/framework/src/Illuminate/Routing/Middleware/SubstituteBindings.php(41): Illuminate\\Routing\\Pipeline->Illuminate\\Routing\\{closure}(Object(Illuminate\\Http\\Request))
#9 /mnt/c/Users/Guecha/Laravel-projects/APP_ControlIngenieria/v2/app/vendor/laravel/framework/src/Illuminate/Pipeline/Pipeline.php(163): Illuminate\\Routing\\Middleware\\SubstituteBindings->handle(Object(Illuminate\\Http\\Request), Object(Closure))
#10 /mnt/c/Users/Guecha/Laravel-projects/APP_ControlIngenieria/v2/app/vendor/laravel/framework/src/Illuminate/Routing/Pipeline.php(53): Illuminate\\Pipeline\\Pipeline->Illuminate\\Pipeline\\{closure}(Object(Illuminate\\Http\\Request))
#11 /mnt/c/Users/Guecha/Laravel-projects/APP_ControlIngenieria/v2/app/vendor/laravel/framework/src/Illuminate/Foundation/Http/Middleware/VerifyCsrfToken.php(75): Illuminate\\Routing\\Pipeline->Illuminate\\Routing\\{closure}(Object(Illuminate\\Http\\Request))
#12 /mnt/c/Users/Guecha/Laravel-projects/APP_ControlIngenieria/v2/app/vendor/laravel/framework/src/Illuminate/Pipeline/Pipeline.php(163): Illuminate\\Foundation\\Http\\Middleware\\VerifyCsrfToken->handle(Object(Illuminate\\Http\\Request), Object(Closure))
#13 /mnt/c/Users/Guecha/Laravel-projects/APP_ControlIngenieria/v2/app/vendor/laravel/framework/src/Illuminate/Routing/Pipeline.php(53): Illuminate\\Pipeline\\Pipeline->Illuminate\\Pipeline\\{closure}(Object(Illuminate\\Http\\Request))
#14 /mnt/c/Users/Guecha/Laravel-projects/APP_ControlIngenieria/v2/app/vendor/laravel/framework/src/Illuminate/View/Middleware/ShareErrorsFromSession.php(49): Illuminate\\Routing\\Pipeline->Illuminate\\Routing\\{closure}(Object(Illuminate\\Http\\Request))
#15 /mnt/c/Users/Guecha/Laravel-projects/APP_ControlIngenieria/v2/app/vendor/laravel/framework/src/Illuminate/Pipeline/Pipeline.php(163): Illuminate\\View\\Middleware\\ShareErrorsFromSession->handle(Object(Illuminate\\Http\\Request), Object(Closure))
#16 /mnt/c/Users/Guecha/Laravel-projects/APP_ControlIngenieria/v2/app/vendor/laravel/framework/src/Illuminate/Routing/Pipeline.php(53): Illuminate\\Pipeline\\Pipeline->Illuminate\\Pipeline\\{closure}(Object(Illuminate\\Http\\Request))
#17 /mnt/c/Users/Guecha/Laravel-projects/APP_ControlIngenieria/v2/app/vendor/laravel/framework/src/Illuminate/Session/Middleware/StartSession.php(56): Illuminate\\Routing\\Pipeline->Illuminate\\Routing\\{closure}(Object(Illuminate\\Http\\Request))
#18 /mnt/c/Users/Guecha/Laravel-projects/APP_ControlIngenieria/v2/app/vendor/laravel/framework/src/Illuminate/Pipeline/Pipeline.php(163): Illuminate\\Session\\Middleware\\StartSession->handle(Object(Illuminate\\Http\\Request), Object(Closure))
#19 /mnt/c/Users/Guecha/Laravel-projects/APP_ControlIngenieria/v2/app/vendor/laravel/framework/src/Illuminate/Routing/Pipeline.php(53): Illuminate\\Pipeline\\Pipeline->Illuminate\\Pipeline\\{closure}(Object(Illuminate\\Http\\Request))
#20 /mnt/c/Users/Guecha/Laravel-projects/APP_ControlIngenieria/v2/app/vendor/laravel/framework/src/Illuminate/Cookie/Middleware/AddQueuedCookiesToResponse.php(37): Illuminate\\Routing\\Pipeline->Illuminate\\Routing\\{closure}(Object(Illuminate\\Http\\Request))
#21 /mnt/c/Users/Guecha/Laravel-projects/APP_ControlIngenieria/v2/app/vendor/laravel/framework/src/Illuminate/Pipeline/Pipeline.php(163): Illuminate\\Cookie\\Middleware\\AddQueuedCookiesToResponse->handle(Object(Illuminate\\Http\\Request), Object(Closure))
#22 /mnt/c/Users/Guecha/Laravel-projects/APP_ControlIngenieria/v2/app/vendor/laravel/framework/src/Illuminate/Routing/Pipeline.php(53): Illuminate\\Pipeline\\Pipeline->Illuminate\\Pipeline\\{closure}(Object(Illuminate\\Http\\Request))
#23 /mnt/c/Users/Guecha/Laravel-projects/APP_ControlIngenieria/v2/app/vendor/laravel/framework/src/Illuminate/Cookie/Middleware/EncryptCookies.php(66): Illuminate\\Routing\\Pipeline->Illuminate\\Routing\\{closure}(Object(Illuminate\\Http\\Request))
#24 /mnt/c/Users/Guecha/Laravel-projects/APP_ControlIngenieria/v2/app/vendor/laravel/framework/src/Illuminate/Pipeline/Pipeline.php(163): Illuminate\\Cookie\\Middleware\\EncryptCookies->handle(Object(Illuminate\\Http\\Request), Object(Closure))
#25 /mnt/c/Users/Guecha/Laravel-projects/APP_ControlIngenieria/v2/app/vendor/laravel/framework/src/Illuminate/Routing/Pipeline.php(53): Illuminate\\Pipeline\\Pipeline->Illuminate\\Pipeline\\{closure}(Object(Illuminate\\Http\\Request))
#26 /mnt/c/Users/Guecha/Laravel-projects/APP_ControlIngenieria/v2/app/vendor/laravel/framework/src/Illuminate/Pipeline/Pipeline.php(104): Illuminate\\Routing\\Pipeline->Illuminate\\Routing\\{closure}(Object(Illuminate\\Http\\Request))
#27 /mnt/c/Users/Guecha/Laravel-projects/APP_ControlIngenieria/v2/app/vendor/laravel/framework/src/Illuminate/Routing/Router.php(682): Illuminate\\Pipeline\\Pipeline->then(Object(Closure))
#28 /mnt/c/Users/Guecha/Laravel-projects/APP_ControlIngenieria/v2/app/vendor/laravel/framework/src/Illuminate/Routing/Router.php(657): Illuminate\\Routing\\Router->runRouteWithinStack(Object(Illuminate\\Routing\\Route), Object(Illuminate\\Http\\Request))
#29 /mnt/c/Users/Guecha/Laravel-projects/APP_ControlIngenieria/v2/app/vendor/laravel/framework/src/Illuminate/Routing/Router.php(623): Illuminate\\Routing\\Router->runRoute(Object(Illuminate\\Http\\Request), Object(Illuminate\\Routing\\Route))
#30 /mnt/c/Users/Guecha/Laravel-projects/APP_ControlIngenieria/v2/app/vendor/laravel/framework/src/Illuminate/Routing/Router.php(612): Illuminate\\Routing\\Router->dispatchToRoute(Object(Illuminate\\Http\\Request))
#31 /mnt/c/Users/Guecha/Laravel-projects/APP_ControlIngenieria/v2/app/vendor/laravel/framework/src/Illuminate/Foundation/Http/Kernel.php(176): Illuminate\\Routing\\Router->dispatch(Object(Illuminate\\Http\\Request))
#32 /mnt/c/Users/Guecha/Laravel-projects/APP_ControlIngenieria/v2/app/vendor/laravel/framework/src/Illuminate/Routing/Pipeline.php(30): Illuminate\\Foundation\\Http\\Kernel->Illuminate\\Foundation\\Http\\{closure}(Object(Illuminate\\Http\\Request))
#33 /mnt/c/Users/Guecha/Laravel-projects/APP_ControlIngenieria/v2/app/vendor/barryvdh/laravel-cors/src/HandleCors.php(36): Illuminate\\Routing\\Pipeline->Illuminate\\Routing\\{closure}(Object(Illuminate\\Http\\Request))
#34 /mnt/c/Users/Guecha/Laravel-projects/APP_ControlIngenieria/v2/app/vendor/laravel/framework/src/Illuminate/Pipeline/Pipeline.php(163): Barryvdh\\Cors\\HandleCors->handle(Object(Illuminate\\Http\\Request), Object(Closure))
#35 /mnt/c/Users/Guecha/Laravel-projects/APP_ControlIngenieria/v2/app/vendor/laravel/framework/src/Illuminate/Routing/Pipeline.php(53): Illuminate\\Pipeline\\Pipeline->Illuminate\\Pipeline\\{closure}(Object(Illuminate\\Http\\Request))
#36 /mnt/c/Users/Guecha/Laravel-projects/APP_ControlIngenieria/v2/app/vendor/laravel/framework/src/Illuminate/Foundation/Http/Middleware/TransformsRequest.php(21): Illuminate\\Routing\\Pipeline->Illuminate\\Routing\\{closure}(Object(Illuminate\\Http\\Request))
#37 /mnt/c/Users/Guecha/Laravel-projects/APP_ControlIngenieria/v2/app/vendor/laravel/framework/src/Illuminate/Pipeline/Pipeline.php(163): Illuminate\\Foundation\\Http\\Middleware\\TransformsRequest->handle(Object(Illuminate\\Http\\Request), Object(Closure))
#38 /mnt/c/Users/Guecha/Laravel-projects/APP_ControlIngenieria/v2/app/vendor/laravel/framework/src/Illuminate/Routing/Pipeline.php(53): Illuminate\\Pipeline\\Pipeline->Illuminate\\Pipeline\\{closure}(Object(Illuminate\\Http\\Request))
#39 /mnt/c/Users/Guecha/Laravel-projects/APP_ControlIngenieria/v2/app/vendor/laravel/framework/src/Illuminate/Foundation/Http/Middleware/TransformsRequest.php(21): Illuminate\\Routing\\Pipeline->Illuminate\\Routing\\{closure}(Object(Illuminate\\Http\\Request))
#40 /mnt/c/Users/Guecha/Laravel-projects/APP_ControlIngenieria/v2/app/vendor/laravel/framework/src/Illuminate/Pipeline/Pipeline.php(163): Illuminate\\Foundation\\Http\\Middleware\\TransformsRequest->handle(Object(Illuminate\\Http\\Request), Object(Closure))
#41 /mnt/c/Users/Guecha/Laravel-projects/APP_ControlIngenieria/v2/app/vendor/laravel/framework/src/Illuminate/Routing/Pipeline.php(53): Illuminate\\Pipeline\\Pipeline->Illuminate\\Pipeline\\{closure}(Object(Illuminate\\Http\\Request))
#42 /mnt/c/Users/Guecha/Laravel-projects/APP_ControlIngenieria/v2/app/vendor/laravel/framework/src/Illuminate/Foundation/Http/Middleware/ValidatePostSize.php(27): Illuminate\\Routing\\Pipeline->Illuminate\\Routing\\{closure}(Object(Illuminate\\Http\\Request))
#43 /mnt/c/Users/Guecha/Laravel-projects/APP_ControlIngenieria/v2/app/vendor/laravel/framework/src/Illuminate/Pipeline/Pipeline.php(163): Illuminate\\Foundation\\Http\\Middleware\\ValidatePostSize->handle(Object(Illuminate\\Http\\Request), Object(Closure))
#44 /mnt/c/Users/Guecha/Laravel-projects/APP_ControlIngenieria/v2/app/vendor/laravel/framework/src/Illuminate/Routing/Pipeline.php(53): Illuminate\\Pipeline\\Pipeline->Illuminate\\Pipeline\\{closure}(Object(Illuminate\\Http\\Request))
#45 /mnt/c/Users/Guecha/Laravel-projects/APP_ControlIngenieria/v2/app/vendor/laravel/framework/src/Illuminate/Foundation/Http/Middleware/CheckForMaintenanceMode.php(62): Illuminate\\Routing\\Pipeline->Illuminate\\Routing\\{closure}(Object(Illuminate\\Http\\Request))
#46 /mnt/c/Users/Guecha/Laravel-projects/APP_ControlIngenieria/v2/app/vendor/laravel/framework/src/Illuminate/Pipeline/Pipeline.php(163): Illuminate\\Foundation\\Http\\Middleware\\CheckForMaintenanceMode->handle(Object(Illuminate\\Http\\Request), Object(Closure))
#47 /mnt/c/Users/Guecha/Laravel-projects/APP_ControlIngenieria/v2/app/vendor/laravel/framework/src/Illuminate/Routing/Pipeline.php(53): Illuminate\\Pipeline\\Pipeline->Illuminate\\Pipeline\\{closure}(Object(Illuminate\\Http\\Request))
#48 /mnt/c/Users/Guecha/Laravel-projects/APP_ControlIngenieria/v2/app/vendor/fideloper/proxy/src/TrustProxies.php(57): Illuminate\\Routing\\Pipeline->Illuminate\\Routing\\{closure}(Object(Illuminate\\Http\\Request))
#49 /mnt/c/Users/Guecha/Laravel-projects/APP_ControlIngenieria/v2/app/vendor/laravel/framework/src/Illuminate/Pipeline/Pipeline.php(163): Fideloper\\Proxy\\TrustProxies->handle(Object(Illuminate\\Http\\Request), Object(Closure))
#50 /mnt/c/Users/Guecha/Laravel-projects/APP_ControlIngenieria/v2/app/vendor/laravel/framework/src/Illuminate/Routing/Pipeline.php(53): Illuminate\\Pipeline\\Pipeline->Illuminate\\Pipeline\\{closure}(Object(Illuminate\\Http\\Request))
#51 /mnt/c/Users/Guecha/Laravel-projects/APP_ControlIngenieria/v2/app/vendor/laravel/framework/src/Illuminate/Pipeline/Pipeline.php(104): Illuminate\\Routing\\Pipeline->Illuminate\\Routing\\{closure}(Object(Illuminate\\Http\\Request))
#52 /mnt/c/Users/Guecha/Laravel-projects/APP_ControlIngenieria/v2/app/vendor/laravel/framework/src/Illuminate/Foundation/Http/Kernel.php(151): Illuminate\\Pipeline\\Pipeline->then(Object(Closure))
#53 /mnt/c/Users/Guecha/Laravel-projects/APP_ControlIngenieria/v2/app/vendor/laravel/framework/src/Illuminate/Foundation/Http/Kernel.php(116): Illuminate\\Foundation\\Http\\Kernel->sendRequestThroughRouter(Object(Illuminate\\Http\\Request))
#54 /mnt/c/Users/Guecha/Laravel-projects/APP_ControlIngenieria/v2/app/public/index.php(55): Illuminate\\Foundation\\Http\\Kernel->handle(Object(Illuminate\\Http\\Request))
#55 /mnt/c/Users/Guecha/Laravel-projects/APP_ControlIngenieria/v2/app/server.php(21): require_once('/mnt/c/Users/Gu...')
#56 {main}
"} 
[2019-10-28 20:03:42] local.ERROR: file_put_contents(C:\Users\Guecha\Laravel-projects\APP_ControlIngenieria\v2\app\storage\framework/sessions/hSOU8jkPxIAjJLDQ2O7XHeDoj8NpboW2u71ryJ3O): failed to open stream: No such file or directory {"exception":"[object] (ErrorException(code: 0): file_put_contents(C:\\Users\\Guecha\\Laravel-projects\\APP_ControlIngenieria\\v2\\app\\storage\\framework/sessions/hSOU8jkPxIAjJLDQ2O7XHeDoj8NpboW2u71ryJ3O): failed to open stream: No such file or directory at /mnt/c/Users/Guecha/Laravel-projects/APP_ControlIngenieria/v2/app/vendor/laravel/framework/src/Illuminate/Filesystem/Filesystem.php:122)
[stacktrace]
#0 [internal function]: Illuminate\\Foundation\\Bootstrap\\HandleExceptions->handleError(2, 'file_put_conten...', '/mnt/c/Users/Gu...', 122, Array)
#1 /mnt/c/Users/Guecha/Laravel-projects/APP_ControlIngenieria/v2/app/vendor/laravel/framework/src/Illuminate/Filesystem/Filesystem.php(122): file_put_contents('C:\\\\Users\\\\Guecha...', 'a:3:{s:6:\"_toke...', 2)
#2 /mnt/c/Users/Guecha/Laravel-projects/APP_ControlIngenieria/v2/app/vendor/laravel/framework/src/Illuminate/Session/FileSessionHandler.php(83): Illuminate\\Filesystem\\Filesystem->put('C:\\\\Users\\\\Guecha...', 'a:3:{s:6:\"_toke...', true)
#3 /mnt/c/Users/Guecha/Laravel-projects/APP_ControlIngenieria/v2/app/vendor/laravel/framework/src/Illuminate/Session/Store.php(129): Illuminate\\Session\\FileSessionHandler->write('hSOU8jkPxIAjJLD...', 'a:3:{s:6:\"_toke...')
#4 /mnt/c/Users/Guecha/Laravel-projects/APP_ControlIngenieria/v2/app/vendor/laravel/framework/src/Illuminate/Session/Middleware/StartSession.php(170): Illuminate\\Session\\Store->save()
#5 /mnt/c/Users/Guecha/Laravel-projects/APP_ControlIngenieria/v2/app/vendor/laravel/framework/src/Illuminate/Session/Middleware/StartSession.php(65): Illuminate\\Session\\Middleware\\StartSession->saveSession(Object(Illuminate\\Http\\Request))
#6 /mnt/c/Users/Guecha/Laravel-projects/APP_ControlIngenieria/v2/app/vendor/laravel/framework/src/Illuminate/Pipeline/Pipeline.php(163): Illuminate\\Session\\Middleware\\StartSession->handle(Object(Illuminate\\Http\\Request), Object(Closure))
#7 /mnt/c/Users/Guecha/Laravel-projects/APP_ControlIngenieria/v2/app/vendor/laravel/framework/src/Illuminate/Routing/Pipeline.php(53): Illuminate\\Pipeline\\Pipeline->Illuminate\\Pipeline\\{closure}(Object(Illuminate\\Http\\Request))
#8 /mnt/c/Users/Guecha/Laravel-projects/APP_ControlIngenieria/v2/app/vendor/laravel/framework/src/Illuminate/Cookie/Middleware/AddQueuedCookiesToResponse.php(37): Illuminate\\Routing\\Pipeline->Illuminate\\Routing\\{closure}(Object(Illuminate\\Http\\Request))
#9 /mnt/c/Users/Guecha/Laravel-projects/APP_ControlIngenieria/v2/app/vendor/laravel/framework/src/Illuminate/Pipeline/Pipeline.php(163): Illuminate\\Cookie\\Middleware\\AddQueuedCookiesToResponse->handle(Object(Illuminate\\Http\\Request), Object(Closure))
#10 /mnt/c/Users/Guecha/Laravel-projects/APP_ControlIngenieria/v2/app/vendor/laravel/framework/src/Illuminate/Routing/Pipeline.php(53): Illuminate\\Pipeline\\Pipeline->Illuminate\\Pipeline\\{closure}(Object(Illuminate\\Http\\Request))
#11 /mnt/c/Users/Guecha/Laravel-projects/APP_ControlIngenieria/v2/app/vendor/laravel/framework/src/Illuminate/Cookie/Middleware/EncryptCookies.php(66): Illuminate\\Routing\\Pipeline->Illuminate\\Routing\\{closure}(Object(Illuminate\\Http\\Request))
#12 /mnt/c/Users/Guecha/Laravel-projects/APP_ControlIngenieria/v2/app/vendor/laravel/framework/src/Illuminate/Pipeline/Pipeline.php(163): Illuminate\\Cookie\\Middleware\\EncryptCookies->handle(Object(Illuminate\\Http\\Request), Object(Closure))
#13 /mnt/c/Users/Guecha/Laravel-projects/APP_ControlIngenieria/v2/app/vendor/laravel/framework/src/Illuminate/Routing/Pipeline.php(53): Illuminate\\Pipeline\\Pipeline->Illuminate\\Pipeline\\{closure}(Object(Illuminate\\Http\\Request))
#14 /mnt/c/Users/Guecha/Laravel-projects/APP_ControlIngenieria/v2/app/vendor/laravel/framework/src/Illuminate/Pipeline/Pipeline.php(104): Illuminate\\Routing\\Pipeline->Illuminate\\Routing\\{closure}(Object(Illuminate\\Http\\Request))
#15 /mnt/c/Users/Guecha/Laravel-projects/APP_ControlIngenieria/v2/app/vendor/laravel/framework/src/Illuminate/Routing/Router.php(682): Illuminate\\Pipeline\\Pipeline->then(Object(Closure))
#16 /mnt/c/Users/Guecha/Laravel-projects/APP_ControlIngenieria/v2/app/vendor/laravel/framework/src/Illuminate/Routing/Router.php(657): Illuminate\\Routing\\Router->runRouteWithinStack(Object(Illuminate\\Routing\\Route), Object(Illuminate\\Http\\Request))
#17 /mnt/c/Users/Guecha/Laravel-projects/APP_ControlIngenieria/v2/app/vendor/laravel/framework/src/Illuminate/Routing/Router.php(623): Illuminate\\Routing\\Router->runRoute(Object(Illuminate\\Http\\Request), Object(Illuminate\\Routing\\Route))
#18 /mnt/c/Users/Guecha/Laravel-projects/APP_ControlIngenieria/v2/app/vendor/laravel/framework/src/Illuminate/Routing/Router.php(612): Illuminate\\Routing\\Router->dispatchToRoute(Object(Illuminate\\Http\\Request))
#19 /mnt/c/Users/Guecha/Laravel-projects/APP_ControlIngenieria/v2/app/vendor/laravel/framework/src/Illuminate/Foundation/Http/Kernel.php(176): Illuminate\\Routing\\Router->dispatch(Object(Illuminate\\Http\\Request))
#20 /mnt/c/Users/Guecha/Laravel-projects/APP_ControlIngenieria/v2/app/vendor/laravel/framework/src/Illuminate/Routing/Pipeline.php(30): Illuminate\\Foundation\\Http\\Kernel->Illuminate\\Foundation\\Http\\{closure}(Object(Illuminate\\Http\\Request))
#21 /mnt/c/Users/Guecha/Laravel-projects/APP_ControlIngenieria/v2/app/vendor/barryvdh/laravel-cors/src/HandleCors.php(36): Illuminate\\Routing\\Pipeline->Illuminate\\Routing\\{closure}(Object(Illuminate\\Http\\Request))
#22 /mnt/c/Users/Guecha/Laravel-projects/APP_ControlIngenieria/v2/app/vendor/laravel/framework/src/Illuminate/Pipeline/Pipeline.php(163): Barryvdh\\Cors\\HandleCors->handle(Object(Illuminate\\Http\\Request), Object(Closure))
#23 /mnt/c/Users/Guecha/Laravel-projects/APP_ControlIngenieria/v2/app/vendor/laravel/framework/src/Illuminate/Routing/Pipeline.php(53): Illuminate\\Pipeline\\Pipeline->Illuminate\\Pipeline\\{closure}(Object(Illuminate\\Http\\Request))
#24 /mnt/c/Users/Guecha/Laravel-projects/APP_ControlIngenieria/v2/app/vendor/laravel/framework/src/Illuminate/Foundation/Http/Middleware/TransformsRequest.php(21): Illuminate\\Routing\\Pipeline->Illuminate\\Routing\\{closure}(Object(Illuminate\\Http\\Request))
#25 /mnt/c/Users/Guecha/Laravel-projects/APP_ControlIngenieria/v2/app/vendor/laravel/framework/src/Illuminate/Pipeline/Pipeline.php(163): Illuminate\\Foundation\\Http\\Middleware\\TransformsRequest->handle(Object(Illuminate\\Http\\Request), Object(Closure))
#26 /mnt/c/Users/Guecha/Laravel-projects/APP_ControlIngenieria/v2/app/vendor/laravel/framework/src/Illuminate/Routing/Pipeline.php(53): Illuminate\\Pipeline\\Pipeline->Illuminate\\Pipeline\\{closure}(Object(Illuminate\\Http\\Request))
#27 /mnt/c/Users/Guecha/Laravel-projects/APP_ControlIngenieria/v2/app/vendor/laravel/framework/src/Illuminate/Foundation/Http/Middleware/TransformsRequest.php(21): Illuminate\\Routing\\Pipeline->Illuminate\\Routing\\{closure}(Object(Illuminate\\Http\\Request))
#28 /mnt/c/Users/Guecha/Laravel-projects/APP_ControlIngenieria/v2/app/vendor/laravel/framework/src/Illuminate/Pipeline/Pipeline.php(163): Illuminate\\Foundation\\Http\\Middleware\\TransformsRequest->handle(Object(Illuminate\\Http\\Request), Object(Closure))
#29 /mnt/c/Users/Guecha/Laravel-projects/APP_ControlIngenieria/v2/app/vendor/laravel/framework/src/Illuminate/Routing/Pipeline.php(53): Illuminate\\Pipeline\\Pipeline->Illuminate\\Pipeline\\{closure}(Object(Illuminate\\Http\\Request))
#30 /mnt/c/Users/Guecha/Laravel-projects/APP_ControlIngenieria/v2/app/vendor/laravel/framework/src/Illuminate/Foundation/Http/Middleware/ValidatePostSize.php(27): Illuminate\\Routing\\Pipeline->Illuminate\\Routing\\{closure}(Object(Illuminate\\Http\\Request))
#31 /mnt/c/Users/Guecha/Laravel-projects/APP_ControlIngenieria/v2/app/vendor/laravel/framework/src/Illuminate/Pipeline/Pipeline.php(163): Illuminate\\Foundation\\Http\\Middleware\\ValidatePostSize->handle(Object(Illuminate\\Http\\Request), Object(Closure))
#32 /mnt/c/Users/Guecha/Laravel-projects/APP_ControlIngenieria/v2/app/vendor/laravel/framework/src/Illuminate/Routing/Pipeline.php(53): Illuminate\\Pipeline\\Pipeline->Illuminate\\Pipeline\\{closure}(Object(Illuminate\\Http\\Request))
#33 /mnt/c/Users/Guecha/Laravel-projects/APP_ControlIngenieria/v2/app/vendor/laravel/framework/src/Illuminate/Foundation/Http/Middleware/CheckForMaintenanceMode.php(62): Illuminate\\Routing\\Pipeline->Illuminate\\Routing\\{closure}(Object(Illuminate\\Http\\Request))
#34 /mnt/c/Users/Guecha/Laravel-projects/APP_ControlIngenieria/v2/app/vendor/laravel/framework/src/Illuminate/Pipeline/Pipeline.php(163): Illuminate\\Foundation\\Http\\Middleware\\CheckForMaintenanceMode->handle(Object(Illuminate\\Http\\Request), Object(Closure))
#35 /mnt/c/Users/Guecha/Laravel-projects/APP_ControlIngenieria/v2/app/vendor/laravel/framework/src/Illuminate/Routing/Pipeline.php(53): Illuminate\\Pipeline\\Pipeline->Illuminate\\Pipeline\\{closure}(Object(Illuminate\\Http\\Request))
#36 /mnt/c/Users/Guecha/Laravel-projects/APP_ControlIngenieria/v2/app/vendor/fideloper/proxy/src/TrustProxies.php(57): Illuminate\\Routing\\Pipeline->Illuminate\\Routing\\{closure}(Object(Illuminate\\Http\\Request))
#37 /mnt/c/Users/Guecha/Laravel-projects/APP_ControlIngenieria/v2/app/vendor/laravel/framework/src/Illuminate/Pipeline/Pipeline.php(163): Fideloper\\Proxy\\TrustProxies->handle(Object(Illuminate\\Http\\Request), Object(Closure))
#38 /mnt/c/Users/Guecha/Laravel-projects/APP_ControlIngenieria/v2/app/vendor/laravel/framework/src/Illuminate/Routing/Pipeline.php(53): Illuminate\\Pipeline\\Pipeline->Illuminate\\Pipeline\\{closure}(Object(Illuminate\\Http\\Request))
#39 /mnt/c/Users/Guecha/Laravel-projects/APP_ControlIngenieria/v2/app/vendor/laravel/framework/src/Illuminate/Pipeline/Pipeline.php(104): Illuminate\\Routing\\Pipeline->Illuminate\\Routing\\{closure}(Object(Illuminate\\Http\\Request))
#40 /mnt/c/Users/Guecha/Laravel-projects/APP_ControlIngenieria/v2/app/vendor/laravel/framework/src/Illuminate/Foundation/Http/Kernel.php(151): Illuminate\\Pipeline\\Pipeline->then(Object(Closure))
#41 /mnt/c/Users/Guecha/Laravel-projects/APP_ControlIngenieria/v2/app/vendor/laravel/framework/src/Illuminate/Foundation/Http/Kernel.php(116): Illuminate\\Foundation\\Http\\Kernel->sendRequestThroughRouter(Object(Illuminate\\Http\\Request))
#42 /mnt/c/Users/Guecha/Laravel-projects/APP_ControlIngenieria/v2/app/public/index.php(55): Illuminate\\Foundation\\Http\\Kernel->handle(Object(Illuminate\\Http\\Request))
#43 /mnt/c/Users/Guecha/Laravel-projects/APP_ControlIngenieria/v2/app/server.php(21): require_once('/mnt/c/Users/Gu...')
#44 {main}
"} 
